Using pre-set license
Built from '2020.3/staging' branch; Version is '2020.3.6f1 (338bb68529b2) revision 3378102'; Using compiler version '192528614'; Build Type 'Release'
OS: 'Windows 10 Pro; OS build 19041.1083; Version 2004; 64bit' Language: 'pl' Physical Memory: 16321 MB
BatchMode: 1, IsHumanControllingUs: 0, StartBugReporterOnCrash: 0, Is64bit: 1, IsPro: 0

 COMMAND LINE ARGUMENTS:
D:\Programy\2020.3.6f1\Editor\Unity.exe
-adb2
-batchMode
-noUpm
-name
AssetImportWorker1
-projectPath
D:/Repos/Unity2D/Frogger
-logFile
Logs/AssetImportWorker1.log
-srvPort
11425
Successfully changed project path to: D:/Repos/Unity2D/Frogger
D:/Repos/Unity2D/Frogger
Using Asset Import Pipeline V2.
Refreshing native plugins compatible for Editor in 35.70 ms, found 1 plugins.
Preloading 0 native plugins for Editor in 0.00 ms.
Initialize engine version: 2020.3.6f1 (338bb68529b2)
[Subsystems] Discovering subsystems at path D:/Programy/2020.3.6f1/Editor/Data/Resources/UnitySubsystems
[Subsystems] Discovering subsystems at path D:/Repos/Unity2D/Frogger/Assets
GfxDevice: creating device client; threaded=0
Direct3D:
    Version:  Direct3D 11.0 [level 11.1]
    Renderer: NVIDIA GeForce GTX 1660 SUPER (ID=0x21c4)
    Vendor:   
    VRAM:     5991 MB
    Driver:   27.21.14.5671
Initialize mono
Mono path[0] = 'D:/Programy/2020.3.6f1/Editor/Data/Managed'
Mono path[1] = 'D:/Programy/2020.3.6f1/Editor/Data/MonoBleedingEdge/lib/mono/unityjit'
Mono config path = 'D:/Programy/2020.3.6f1/Editor/Data/MonoBleedingEdge/etc'
Using monoOptions --debugger-agent=transport=dt_socket,embedding=1,server=y,suspend=n,address=127.0.0.1:56220
Begin MonoManager ReloadAssembly
Registering precompiled unity dll's ...
Register platform support module: D:/Programy/2020.3.6f1/Editor/Data/PlaybackEngines/WebGLSupport/UnityEditor.WebGL.Extensions.dll
Register platform support module: D:/Programy/2020.3.6f1/Editor/Data/PlaybackEngines/WindowsStandaloneSupport/UnityEditor.WindowsStandalone.Extensions.dll
Registered in 0.001283 seconds.
Native extension for WindowsStandalone target not found
Native extension for WebGL target not found
Refreshing native plugins compatible for Editor in 36.79 ms, found 1 plugins.
Preloading 0 native plugins for Editor in 0.00 ms.
Mono: successfully reloaded assembly
- Completed reload, in  1.541 seconds
Platform modules already initialized, skipping
Registering precompiled user dll's ...
Registered in 0.000807 seconds.
Begin MonoManager ReloadAssembly
Native extension for WindowsStandalone target not found
Native extension for WebGL target not found
Refreshing native plugins compatible for Editor in 35.28 ms, found 1 plugins.
Preloading 0 native plugins for Editor in 0.00 ms.
Mono: successfully reloaded assembly
- Completed reload, in  1.294 seconds
Platform modules already initialized, skipping
========================================================================
Worker process is ready to serve import requests
Launched and connected shader compiler UnityShaderCompiler.exe after 0.11 seconds
Refreshing native plugins compatible for Editor in 0.40 ms, found 1 plugins.
Preloading 0 native plugins for Editor in 0.00 ms.
Unloading 1808 Unused Serialized files (Serialized files now loaded: 0)
System memory in use before: 84.9 MB.
System memory in use after: 84.9 MB.

Unloading 24 unused Assets to reduce memory usage. Loaded Objects now: 2250.
Total: 2.137000 ms (FindLiveObjects: 0.240100 ms CreateObjectMapping: 0.069300 ms MarkObjects: 1.639700 ms  DeleteObjects: 0.186900 ms)

========================================================================
Received Import Request.
  path: Assets/Scenes/Level 1.unity
  artifactKey: Guid(2cda990e2423bbf4892e6590ba056729) Importer(815301076,1909f56bfc062723c751e8b465ee728b)
Start importing Assets/Scenes/Level 1.unity using Guid(2cda990e2423bbf4892e6590ba056729) Importer(815301076,1909f56bfc062723c751e8b465ee728b)  -> (artifact id: '1d420fd8ac7053c2afda9803a99d99b7') in 0.019149 seconds
  Import took 0.039127 seconds .

========================================================================
Received Import Request.
  Time since last request: 0.000315 seconds.
  path: Assets/Sprites/PngItem_5588921.png
  artifactKey: Guid(a06a76503ae09cf4da872b32d7fc83fe) Importer(815301076,1909f56bfc062723c751e8b465ee728b)
Start importing Assets/Sprites/PngItem_5588921.png using Guid(a06a76503ae09cf4da872b32d7fc83fe) Importer(815301076,1909f56bfc062723c751e8b465ee728b)  -> (artifact id: '4baba276f4142ae55107e1067fce33eb') in 0.193633 seconds
  Import took 0.197330 seconds .

========================================================================
Received Import Request.
  Time since last request: 4.509184 seconds.
  path: Assets/Sprites/PngItem_5588921.png
  artifactKey: Guid(a06a76503ae09cf4da872b32d7fc83fe) Importer(815301076,1909f56bfc062723c751e8b465ee728b)
Start importing Assets/Sprites/PngItem_5588921.png using Guid(a06a76503ae09cf4da872b32d7fc83fe) Importer(815301076,1909f56bfc062723c751e8b465ee728b)  -> (artifact id: '4baba276f4142ae55107e1067fce33eb') in 0.028424 seconds
  Import took 0.034840 seconds .

========================================================================
Received Import Request.
  Time since last request: 11.457366 seconds.
  path: Assets/Sprites/PngItem_5588921.png
  artifactKey: Guid(a06a76503ae09cf4da872b32d7fc83fe) Importer(815301076,1909f56bfc062723c751e8b465ee728b)
Start importing Assets/Sprites/PngItem_5588921.png using Guid(a06a76503ae09cf4da872b32d7fc83fe) Importer(815301076,1909f56bfc062723c751e8b465ee728b)  -> (artifact id: '806550fc10bdbb7b7b068d73c11d5fd4') in 0.020738 seconds
  Import took 0.025223 seconds .

========================================================================
Received Import Request.
  Time since last request: 880.013456 seconds.
  path: Assets/Sprites/PngItem_5588921.png
  artifactKey: Guid(a06a76503ae09cf4da872b32d7fc83fe) Importer(815301076,1909f56bfc062723c751e8b465ee728b)
Start importing Assets/Sprites/PngItem_5588921.png using Guid(a06a76503ae09cf4da872b32d7fc83fe) Importer(815301076,1909f56bfc062723c751e8b465ee728b)  -> (artifact id: '6b53bbfc8f08b2c5b776bf45eee9ac0a') in 0.134156 seconds
  Import took 0.148831 seconds .

========================================================================
Received Import Request.
  Time since last request: 7430.715015 seconds.
  path: Assets/Sprites/PngItem_5588921.png
  artifactKey: Guid(a06a76503ae09cf4da872b32d7fc83fe) Importer(815301076,1909f56bfc062723c751e8b465ee728b)
Start importing Assets/Sprites/PngItem_5588921.png using Guid(a06a76503ae09cf4da872b32d7fc83fe) Importer(815301076,1909f56bfc062723c751e8b465ee728b)  -> (artifact id: '2f63bfdb79348fc961933b78c9f6e46e') in 0.153411 seconds
  Import took 0.181822 seconds .

========================================================================
Received Import Request.
  Time since last request: 4.604110 seconds.
  path: Assets/Sprites/PngItem_5588921.png
  artifactKey: Guid(a06a76503ae09cf4da872b32d7fc83fe) Importer(815301076,1909f56bfc062723c751e8b465ee728b)
Start importing Assets/Sprites/PngItem_5588921.png using Guid(a06a76503ae09cf4da872b32d7fc83fe) Importer(815301076,1909f56bfc062723c751e8b465ee728b)  -> (artifact id: 'ac53737afdbe2bc266bbdf5dc1217ccf') in 0.108144 seconds
  Import took 0.112768 seconds .

========================================================================
Received Import Request.
  Time since last request: 71.059841 seconds.
  path: Assets/Sprites/PngItem_5588921.png
  artifactKey: Guid(a06a76503ae09cf4da872b32d7fc83fe) Importer(815301076,1909f56bfc062723c751e8b465ee728b)
Start importing Assets/Sprites/PngItem_5588921.png using Guid(a06a76503ae09cf4da872b32d7fc83fe) Importer(815301076,1909f56bfc062723c751e8b465ee728b)  -> (artifact id: 'cdb492f7b7798b0da391203281fda7e6') in 0.173291 seconds
  Import took 0.192154 seconds .

========================================================================
Received Import Request.
  Time since last request: 303.653704 seconds.
  path: Assets/Sprites/PngItem_5588921.png
  artifactKey: Guid(a06a76503ae09cf4da872b32d7fc83fe) Importer(815301076,1909f56bfc062723c751e8b465ee728b)
Start importing Assets/Sprites/PngItem_5588921.png using Guid(a06a76503ae09cf4da872b32d7fc83fe) Importer(815301076,1909f56bfc062723c751e8b465ee728b)  -> (artifact id: 'e078da365337873071c9428d01a59d75') in 0.105032 seconds
  Import took 0.109658 seconds .

========================================================================
Received Import Request.
  Time since last request: 69.835664 seconds.
  path: Assets/Sprites/PngItem_5588921.png
  artifactKey: Guid(a06a76503ae09cf4da872b32d7fc83fe) Importer(815301076,1909f56bfc062723c751e8b465ee728b)
Start importing Assets/Sprites/PngItem_5588921.png using Guid(a06a76503ae09cf4da872b32d7fc83fe) Importer(815301076,1909f56bfc062723c751e8b465ee728b)  -> (artifact id: 'b2dfd6299e78048a0339665e10dcd58b') in 0.109054 seconds
  Import took 0.120973 seconds .

========================================================================
Received Import Request.
  Time since last request: 6.028688 seconds.
  path: Assets/Sprites/PngItem_5588921.png
  artifactKey: Guid(a06a76503ae09cf4da872b32d7fc83fe) Importer(815301076,1909f56bfc062723c751e8b465ee728b)
Start importing Assets/Sprites/PngItem_5588921.png using Guid(a06a76503ae09cf4da872b32d7fc83fe) Importer(815301076,1909f56bfc062723c751e8b465ee728b)  -> (artifact id: '7ef67254504a003f4c04243fd0e14676') in 0.106497 seconds
  Import took 0.110762 seconds .

========================================================================
Received Import Request.
  Time since last request: 26.706061 seconds.
  path: Assets/Sprites/PngItem_5588921.png
  artifactKey: Guid(a06a76503ae09cf4da872b32d7fc83fe) Importer(815301076,1909f56bfc062723c751e8b465ee728b)
Start importing Assets/Sprites/PngItem_5588921.png using Guid(a06a76503ae09cf4da872b32d7fc83fe) Importer(815301076,1909f56bfc062723c751e8b465ee728b)  -> (artifact id: 'bec49a887d4068ff5a14289422b27db1') in 0.100128 seconds
  Import took 0.110231 seconds .

========================================================================
Received Import Request.
  Time since last request: 122.902068 seconds.
  path: Assets/Sprites/PngItem_5588921.png
  artifactKey: Guid(a06a76503ae09cf4da872b32d7fc83fe) Importer(815301076,1909f56bfc062723c751e8b465ee728b)
Start importing Assets/Sprites/PngItem_5588921.png using Guid(a06a76503ae09cf4da872b32d7fc83fe) Importer(815301076,1909f56bfc062723c751e8b465ee728b)  -> (artifact id: '75fb5968ba5478ad5394bfffd0c58513') in 0.164998 seconds
  Import took 0.194481 seconds .

========================================================================
Received Import Request.
  Time since last request: 24.367445 seconds.
  path: Assets/Sprites/PngItem_5588921.png
  artifactKey: Guid(a06a76503ae09cf4da872b32d7fc83fe) Importer(815301076,1909f56bfc062723c751e8b465ee728b)
Start importing Assets/Sprites/PngItem_5588921.png using Guid(a06a76503ae09cf4da872b32d7fc83fe) Importer(815301076,1909f56bfc062723c751e8b465ee728b)  -> (artifact id: 'd8462682b48334c34689a887730928e8') in 0.127834 seconds
  Import took 0.149174 seconds .

========================================================================
Received Import Request.
  Time since last request: 34.426014 seconds.
  path: Assets/Sprites/PngItem_5588921.png
  artifactKey: Guid(a06a76503ae09cf4da872b32d7fc83fe) Importer(815301076,1909f56bfc062723c751e8b465ee728b)
Start importing Assets/Sprites/PngItem_5588921.png using Guid(a06a76503ae09cf4da872b32d7fc83fe) Importer(815301076,1909f56bfc062723c751e8b465ee728b)  -> (artifact id: 'b92ca74b717af651b768f09a991cd996') in 0.109420 seconds
  Import took 0.123266 seconds .

========================================================================
Received Import Request.
  Time since last request: 356.546187 seconds.
  path: Assets/Sprites/PngItem_5588921.png
  artifactKey: Guid(a06a76503ae09cf4da872b32d7fc83fe) Importer(815301076,1909f56bfc062723c751e8b465ee728b)
Start importing Assets/Sprites/PngItem_5588921.png using Guid(a06a76503ae09cf4da872b32d7fc83fe) Importer(815301076,1909f56bfc062723c751e8b465ee728b)  -> (artifact id: '77f465404e4c951e6786a19e61f71e3f') in 0.142546 seconds
  Import took 0.146916 seconds .

========================================================================
Received Import Request.
  Time since last request: 166.017335 seconds.
  path: Assets/Sprites/PngItem_5588921.png
  artifactKey: Guid(a06a76503ae09cf4da872b32d7fc83fe) Importer(815301076,1909f56bfc062723c751e8b465ee728b)
Start importing Assets/Sprites/PngItem_5588921.png using Guid(a06a76503ae09cf4da872b32d7fc83fe) Importer(815301076,1909f56bfc062723c751e8b465ee728b)  -> (artifact id: 'c0a7ffb725d09216047706e9d345f89d') in 0.112992 seconds
  Import took 0.130295 seconds .

========================================================================
Received Import Request.
  Time since last request: 869.791725 seconds.
  path: Assets/Sprites/PngItem_5588921.png
  artifactKey: Guid(a06a76503ae09cf4da872b32d7fc83fe) Importer(815301076,1909f56bfc062723c751e8b465ee728b)
Start importing Assets/Sprites/PngItem_5588921.png using Guid(a06a76503ae09cf4da872b32d7fc83fe) Importer(815301076,1909f56bfc062723c751e8b465ee728b)  -> (artifact id: '7980e2ebeed7846d868370b565b72e5d') in 0.129408 seconds
  Import took 0.152254 seconds .

========================================================================
Received Import Request.
  Time since last request: 769.231529 seconds.
  path: Assets
  artifactKey: Guid(00000000000000001000000000000000) Importer(815301076,1909f56bfc062723c751e8b465ee728b)
Start importing Assets using Guid(00000000000000001000000000000000) Importer(815301076,1909f56bfc062723c751e8b465ee728b)  -> (artifact id: '2c602d4445bd9e0e517b9a7c882a2249') in 0.039266 seconds
  Import took 0.054353 seconds .

========================================================================
Received Import Request.
  Time since last request: 5.260598 seconds.
  path: Assets/Prefabs
  artifactKey: Guid(1306b5566d351c843a9c3bbac1b357bb) Importer(815301076,1909f56bfc062723c751e8b465ee728b)
Start importing Assets/Prefabs using Guid(1306b5566d351c843a9c3bbac1b357bb) Importer(815301076,1909f56bfc062723c751e8b465ee728b)  -> (artifact id: 'a3cc6d6a5efb79b716bb0d429b670c6b') in 0.024727 seconds
  Import took 0.028514 seconds .

========================================================================
Received Import Request.
  Time since last request: 9.158379 seconds.
  path: Assets/Prefabs/Background.prefab
  artifactKey: Guid(c29f37e57f21b1744ad3cde3da55b4c7) Importer(815301076,1909f56bfc062723c751e8b465ee728b)
Start importing Assets/Prefabs/Background.prefab using Guid(c29f37e57f21b1744ad3cde3da55b4c7) Importer(815301076,1909f56bfc062723c751e8b465ee728b)  -> (artifact id: 'ff60b38b0aba74bc3fbd826dcb561cd3') in 0.101668 seconds
  Import took 0.105931 seconds .

========================================================================
Received Import Request.
  Time since last request: 15.778611 seconds.
  path: Assets/Prefabs/Main Camera.prefab
  artifactKey: Guid(5a5f03f387d55ae4fa6e75e12d5ebdd3) Importer(815301076,1909f56bfc062723c751e8b465ee728b)
Start importing Assets/Prefabs/Main Camera.prefab using Guid(5a5f03f387d55ae4fa6e75e12d5ebdd3) Importer(815301076,1909f56bfc062723c751e8b465ee728b)  -> (artifact id: 'bbd71c9d99af0239dc639d422bd9e223') in 0.045928 seconds
  Import took 0.067317 seconds .

